{"level":"warn","message":"failRoute"}
{"level":"warn","message":"failRoute"}
{"level":"warn","message":"failRoute"}
{"level":"warn","message":"failRoute"}
{"level":"warn","message":"failRoute"}
{"level":"warn","message":"failRoute"}
{"level":"warn","message":"failRoute"}
{"level":"warn","message":"failRoute"}
{"level":"warn","message":"failRoute"}
{"level":"warn","message":"failRoute"}
{"level":"warn","message":"failRoute"}
{"level":"warn","message":"failRoute"}
{"level":"warn","message":"failRoute"}
{"level":"warn","message":"failRoute"}
{"level":"warn","message":"failRoute"}
{"level":"warn","message":"failRoute"}
{"level":"warn","message":"failRoute"}
{"level":"warn","message":"failRoute"}
{"level":"warn","message":"failRoute"}
{"level":"warn","message":"failRoute"}
{"level":"warn","message":"failRoute"}
{"level":"error"}
{"level":"error"}
{"level":"error"}
{"level":"error"}
{"level":"error"}
{"level":"warn","message":"failRoute"}
{"level":"error"}
{"level":"error"}
{"level":"error"}
{"kind":"ObjectId","message":"Cast to ObjectId failed for value \"{ username: 'prueba@gmail.com' }\" (type Object) at path \"_id\" for model \"model\"","name":"CastError","path":"_id","reason":{},"stringValue":"\"{ username: 'prueba@gmail.com' }\"","value":{"username":"prueba@gmail.com"},"valueType":"Object"}
{"level":"warn","message":"failRoute"}
{"level":"warn","message":"failRoute"}
{"level":"warn","message":"failRoute"}
{"level":"warn","message":"failRoute"}
{"level":"warn","message":"failRoute"}
{"level":"warn","message":"failRoute"}
{"level":"warn","message":"failRoute"}
{"level":"warn","message":"failRoute"}
{"level":"warn","message":"failRoute"}
{"level":"warn","message":"failRoute"}
{"level":"warn","message":"failRoute"}
{"level":"warn","message":"failRoute"}
{"level":"warn","message":"failRoute"}
{"level":"warn","message":"failRoute"}
{"level":"warn","message":"failRoute"}
{"level":"warn","message":"failRoute"}
{"level":"warn","message":"failRoute"}
{"level":"warn","message":"failRoute"}
{"level":"warn","message":"failRoute"}
{"level":"warn","message":"failRoute"}
{"level":"warn","message":"failRoute"}
{"level":"warn","message":"failRoute"}
{"level":"warn","message":"failRoute"}
{"level":"warn","message":"failRoute"}
{"level":"warn","message":"failRoute"}
{"level":"warn","message":"failRoute"}
{"level":"warn","message":"failRoute"}
{"level":"warn","message":"failRoute"}
{"level":"warn","message":"failRoute"}
{"level":"warn","message":"failRoute"}
{"level":"warn","message":"failRoute"}
{"level":"warn","message":"failRoute"}
{"level":"warn","message":"failRoute"}
{"level":"warn","message":"failRoute"}
{"level":"warn","message":"failRoute"}
{"level":"warn","message":"failRoute"}
{"level":"warn","message":"failRoute"}
{"level":"error","message":"no se pudo agregar producto al carrito"}
{"level":"error","message":"no se pudo agregar producto al carrito"}
{"level":"error","message":"no se pudo agregar producto al carrito"}
{"level":"error","message":"no se pudo agregar producto al carrito"}
{"level":"error","message":"no se pudo agregar producto al carrito"}
{"level":"error","message":"no se puedo acceder a lista de productos o no existe el carrito en el user"}
{"level":"error","message":"no se puedo acceder a lista de productos o no existe el carrito en el user"}
{"code":"EENVELOPE","command":"API","level":"error"}
{"code":"EENVELOPE","command":"API","level":"error"}
{"code":"EENVELOPE","command":"API","level":"error"}
{"code":"EENVELOPE","command":"API","level":"error"}
{"code":"EENVELOPE","command":"API","level":"error"}
{"code":"EENVELOPE","command":"API","level":"error"}
{"code":"EENVELOPE","command":"API","level":"error"}
{"code":"EENVELOPE","command":"API","level":"error"}
